<?xml version="1.0" encoding="UTF-8"?>
<testsuite name="com.boscarine.finddup.TestFindDups" failures="1" tests="1" time="3.651" errors="0">
  <properties/>
  <testcase name="test" time="3.61" classname="com.boscarine.finddup.TestFindDups">
    <failure type="javax.ws.rs.WebApplicationException" message="com.sun.xml.bind.v2.runtime.IllegalAnnotationsException: 4 counts of IllegalAnnotationExceptions
Class has two properties of the same name &amp;quot;fileSize&amp;quot;
	this problem is related to the following location:
		at public long com.boscarine.finddup.DuplicateReport$DuplicateSet.getFileSize()
		at com.boscarine.finddup.DuplicateReport$DuplicateSet
		at private final java.util.List com.boscarine.finddup.DuplicateReport.duplicates
		at com.boscarine.finddup.DuplicateReport
	this problem is related to the following location:
		at private long com.boscarine.finddup.DuplicateReport$DuplicateSet.fileSize
		at com.boscarine.finddup.DuplicateReport$DuplicateSet
		at private final java.util.List com.boscarine.finddup.DuplicateReport.duplicates
		at com.boscarine.finddup.DuplicateReport
Class has two properties of the same name &amp;quot;md5&amp;quot;
	this problem is related to the following location:
		at public java.lang.String com.boscarine.finddup.DuplicateReport$DuplicateSet.getMd5()
		at com.boscarine.finddup.DuplicateReport$DuplicateSet
		at private final java.util.List com.boscarine.finddup.DuplicateReport.duplicates
		at com.boscarine.finddup.DuplicateReport
	this problem is related to the following location:
		at private java.lang.String com.boscarine.finddup.DuplicateReport$DuplicateSet.md5
		at com.boscarine.finddup.DuplicateReport$DuplicateSet
		at private final java.util.List com.boscarine.finddup.DuplicateReport.duplicates
		at com.boscarine.finddup.DuplicateReport
Class has two properties of the same name &amp;quot;lastModified&amp;quot;
	this problem is related to the following location:
		at public java.util.Date com.boscarine.finddup.DuplicateReport$FileInfo.getLastModified()
		at com.boscarine.finddup.DuplicateReport$FileInfo
		at private final java.util.List com.boscarine.finddup.DuplicateReport$DuplicateSet.files
		at com.boscarine.finddup.DuplicateReport$DuplicateSet
		at private final java.util.List com.boscarine.finddup.DuplicateReport.duplicates
		at com.boscarine.finddup.DuplicateReport
	this problem is related to the following location:
		at private java.util.Date com.boscarine.finddup.DuplicateReport$FileInfo.lastModified
		at com.boscarine.finddup.DuplicateReport$FileInfo
		at private final java.util.List com.boscarine.finddup.DuplicateReport$DuplicateSet.files
		at com.boscarine.finddup.DuplicateReport$DuplicateSet
		at private final java.util.List com.boscarine.finddup.DuplicateReport.duplicates
		at com.boscarine.finddup.DuplicateReport
Class has two properties of the same name &amp;quot;path&amp;quot;
	this problem is related to the following location:
		at public java.lang.String com.boscarine.finddup.DuplicateReport$FileInfo.getPath()
		at com.boscarine.finddup.DuplicateReport$FileInfo
		at private final java.util.List com.boscarine.finddup.DuplicateReport$DuplicateSet.files
		at com.boscarine.finddup.DuplicateReport$DuplicateSet
		at private final java.util.List com.boscarine.finddup.DuplicateReport.duplicates
		at com.boscarine.finddup.DuplicateReport
	this problem is related to the following location:
		at private java.lang.String com.boscarine.finddup.DuplicateReport$FileInfo.path
		at com.boscarine.finddup.DuplicateReport$FileInfo
		at private final java.util.List com.boscarine.finddup.DuplicateReport$DuplicateSet.files
		at com.boscarine.finddup.DuplicateReport$DuplicateSet
		at private final java.util.List com.boscarine.finddup.DuplicateReport.duplicates
		at com.boscarine.finddup.DuplicateReport
">
      <![CDATA[javax.ws.rs.WebApplicationException: com.sun.xml.bind.v2.runtime.IllegalAnnotationsException: 4 counts of IllegalAnnotationExceptions
Class has two properties of the same name "fileSize"
	this problem is related to the following location:
		at public long com.boscarine.finddup.DuplicateReport$DuplicateSet.getFileSize()
		at com.boscarine.finddup.DuplicateReport$DuplicateSet
		at private final java.util.List com.boscarine.finddup.DuplicateReport.duplicates
		at com.boscarine.finddup.DuplicateReport
	this problem is related to the following location:
		at private long com.boscarine.finddup.DuplicateReport$DuplicateSet.fileSize
		at com.boscarine.finddup.DuplicateReport$DuplicateSet
		at private final java.util.List com.boscarine.finddup.DuplicateReport.duplicates
		at com.boscarine.finddup.DuplicateReport
Class has two properties of the same name "md5"
	this problem is related to the following location:
		at public java.lang.String com.boscarine.finddup.DuplicateReport$DuplicateSet.getMd5()
		at com.boscarine.finddup.DuplicateReport$DuplicateSet
		at private final java.util.List com.boscarine.finddup.DuplicateReport.duplicates
		at com.boscarine.finddup.DuplicateReport
	this problem is related to the following location:
		at private java.lang.String com.boscarine.finddup.DuplicateReport$DuplicateSet.md5
		at com.boscarine.finddup.DuplicateReport$DuplicateSet
		at private final java.util.List com.boscarine.finddup.DuplicateReport.duplicates
		at com.boscarine.finddup.DuplicateReport
Class has two properties of the same name "lastModified"
	this problem is related to the following location:
		at public java.util.Date com.boscarine.finddup.DuplicateReport$FileInfo.getLastModified()
		at com.boscarine.finddup.DuplicateReport$FileInfo
		at private final java.util.List com.boscarine.finddup.DuplicateReport$DuplicateSet.files
		at com.boscarine.finddup.DuplicateReport$DuplicateSet
		at private final java.util.List com.boscarine.finddup.DuplicateReport.duplicates
		at com.boscarine.finddup.DuplicateReport
	this problem is related to the following location:
		at private java.util.Date com.boscarine.finddup.DuplicateReport$FileInfo.lastModified
		at com.boscarine.finddup.DuplicateReport$FileInfo
		at private final java.util.List com.boscarine.finddup.DuplicateReport$DuplicateSet.files
		at com.boscarine.finddup.DuplicateReport$DuplicateSet
		at private final java.util.List com.boscarine.finddup.DuplicateReport.duplicates
		at com.boscarine.finddup.DuplicateReport
Class has two properties of the same name "path"
	this problem is related to the following location:
		at public java.lang.String com.boscarine.finddup.DuplicateReport$FileInfo.getPath()
		at com.boscarine.finddup.DuplicateReport$FileInfo
		at private final java.util.List com.boscarine.finddup.DuplicateReport$DuplicateSet.files
		at com.boscarine.finddup.DuplicateReport$DuplicateSet
		at private final java.util.List com.boscarine.finddup.DuplicateReport.duplicates
		at com.boscarine.finddup.DuplicateReport
	this problem is related to the following location:
		at private java.lang.String com.boscarine.finddup.DuplicateReport$FileInfo.path
		at com.boscarine.finddup.DuplicateReport$FileInfo
		at private final java.util.List com.boscarine.finddup.DuplicateReport$DuplicateSet.files
		at com.boscarine.finddup.DuplicateReport$DuplicateSet
		at private final java.util.List com.boscarine.finddup.DuplicateReport.duplicates
		at com.boscarine.finddup.DuplicateReport

	at com.sun.jersey.core.provider.jaxb.AbstractRootElementProvider.readFrom(AbstractRootElementProvider.java:109)
	at com.sun.jersey.api.client.ClientResponse.getEntity(ClientResponse.java:532)
	at com.sun.jersey.api.client.ClientResponse.getEntity(ClientResponse.java:491)
	at com.sun.jersey.api.client.WebResource.handle(WebResource.java:561)
	at com.sun.jersey.api.client.WebResource.get(WebResource.java:179)
	at com.boscarine.finddup.FindDupsClient.get(FindDupsClient.java:40)
	at com.boscarine.finddup.FindDupsClient.get(FindDupsClient.java:29)
	at com.boscarine.finddup.FindDupsClient.get(FindDupsClient.java:51)
	at com.boscarine.finddup.TestFindDups.test(TestFindDups.java:16)
	at sun.reflect.NativeMethodAccessorImpl.invoke0(Native Method)
	at sun.reflect.NativeMethodAccessorImpl.invoke(NativeMethodAccessorImpl.java:39)
	at sun.reflect.DelegatingMethodAccessorImpl.invoke(DelegatingMethodAccessorImpl.java:25)
	at java.lang.reflect.Method.invoke(Method.java:597)
	at org.testng.internal.MethodHelper.invokeMethod(MethodHelper.java:640)
	at org.testng.internal.Invoker.invokeMethod(Invoker.java:627)
	at org.testng.internal.Invoker.invokeTestMethod(Invoker.java:799)
	at org.testng.internal.Invoker.invokeTestMethods(Invoker.java:1103)
	at org.testng.internal.TestMethodWorker.invokeTestMethods(TestMethodWorker.java:137)
	at org.testng.internal.TestMethodWorker.run(TestMethodWorker.java:121)
	at org.testng.TestRunner.runWorkers(TestRunner.java:1098)
	at org.testng.TestRunner.privateRun(TestRunner.java:727)
	at org.testng.TestRunner.run(TestRunner.java:581)
	at org.testng.SuiteRunner.runTest(SuiteRunner.java:315)
	at org.testng.SuiteRunner.runSequentially(SuiteRunner.java:310)
	at org.testng.SuiteRunner.privateRun(SuiteRunner.java:272)
	at org.testng.SuiteRunner.run(SuiteRunner.java:221)
	at org.testng.SuiteRunnerWorker.runSuite(SuiteRunnerWorker.java:40)
	at org.testng.SuiteRunnerWorker.run(SuiteRunnerWorker.java:83)
	at org.testng.internal.thread.ThreadUtil$CountDownLatchedRunnable.run(ThreadUtil.java:151)
	at java.util.concurrent.ThreadPoolExecutor$Worker.runTask(ThreadPoolExecutor.java:886)
	at java.util.concurrent.ThreadPoolExecutor$Worker.run(ThreadPoolExecutor.java:908)
	at java.lang.Thread.run(Thread.java:619)
Caused by: com.sun.xml.bind.v2.runtime.IllegalAnnotationsException: 4 counts of IllegalAnnotationExceptions
Class has two properties of the same name "fileSize"
	this problem is related to the following location:
		at public long com.boscarine.finddup.DuplicateReport$DuplicateSet.getFileSize()
		at com.boscarine.finddup.DuplicateReport$DuplicateSet
		at private final java.util.List com.boscarine.finddup.DuplicateReport.duplicates
		at com.boscarine.finddup.DuplicateReport
	this problem is related to the following location:
		at private long com.boscarine.finddup.DuplicateReport$DuplicateSet.fileSize
		at com.boscarine.finddup.DuplicateReport$DuplicateSet
		at private final java.util.List com.boscarine.finddup.DuplicateReport.duplicates
		at com.boscarine.finddup.DuplicateReport
Class has two properties of the same name "md5"
	this problem is related to the following location:
		at public java.lang.String com.boscarine.finddup.DuplicateReport$DuplicateSet.getMd5()
		at com.boscarine.finddup.DuplicateReport$DuplicateSet
		at private final java.util.List com.boscarine.finddup.DuplicateReport.duplicates
		at com.boscarine.finddup.DuplicateReport
	this problem is related to the following location:
		at private java.lang.String com.boscarine.finddup.DuplicateReport$DuplicateSet.md5
		at com.boscarine.finddup.DuplicateReport$DuplicateSet
		at private final java.util.List com.boscarine.finddup.DuplicateReport.duplicates
		at com.boscarine.finddup.DuplicateReport
Class has two properties of the same name "lastModified"
	this problem is related to the following location:
		at public java.util.Date com.boscarine.finddup.DuplicateReport$FileInfo.getLastModified()
		at com.boscarine.finddup.DuplicateReport$FileInfo
		at private final java.util.List com.boscarine.finddup.DuplicateReport$DuplicateSet.files
		at com.boscarine.finddup.DuplicateReport$DuplicateSet
		at private final java.util.List com.boscarine.finddup.DuplicateReport.duplicates
		at com.boscarine.finddup.DuplicateReport
	this problem is related to the following location:
		at private java.util.Date com.boscarine.finddup.DuplicateReport$FileInfo.lastModified
		at com.boscarine.finddup.DuplicateReport$FileInfo
		at private final java.util.List com.boscarine.finddup.DuplicateReport$DuplicateSet.files
		at com.boscarine.finddup.DuplicateReport$DuplicateSet
		at private final java.util.List com.boscarine.finddup.DuplicateReport.duplicates
		at com.boscarine.finddup.DuplicateReport
Class has two properties of the same name "path"
	this problem is related to the following location:
		at public java.lang.String com.boscarine.finddup.DuplicateReport$FileInfo.getPath()
		at com.boscarine.finddup.DuplicateReport$FileInfo
		at private final java.util.List com.boscarine.finddup.DuplicateReport$DuplicateSet.files
		at com.boscarine.finddup.DuplicateReport$DuplicateSet
		at private final java.util.List com.boscarine.finddup.DuplicateReport.duplicates
		at com.boscarine.finddup.DuplicateReport
	this problem is related to the following location:
		at private java.lang.String com.boscarine.finddup.DuplicateReport$FileInfo.path
		at com.boscarine.finddup.DuplicateReport$FileInfo
		at private final java.util.List com.boscarine.finddup.DuplicateReport$DuplicateSet.files
		at com.boscarine.finddup.DuplicateReport$DuplicateSet
		at private final java.util.List com.boscarine.finddup.DuplicateReport.duplicates
		at com.boscarine.finddup.DuplicateReport

	at com.sun.xml.bind.v2.runtime.IllegalAnnotationsException$Builder.check(IllegalAnnotationsException.java:102)
	at com.sun.xml.bind.v2.runtime.JAXBContextImpl.getTypeInfoSet(JAXBContextImpl.java:472)
	at com.sun.xml.bind.v2.runtime.JAXBContextImpl.<init>(JAXBContextImpl.java:302)
	at com.sun.xml.bind.v2.runtime.JAXBContextImpl$JAXBContextBuilder.build(JAXBContextImpl.java:1140)
	at com.sun.xml.bind.v2.ContextFactory.createContext(ContextFactory.java:154)
	at com.sun.xml.bind.v2.ContextFactory.createContext(ContextFactory.java:121)
	at sun.reflect.NativeMethodAccessorImpl.invoke0(Native Method)
	at sun.reflect.NativeMethodAccessorImpl.invoke(NativeMethodAccessorImpl.java:39)
	at sun.reflect.DelegatingMethodAccessorImpl.invoke(DelegatingMethodAccessorImpl.java:25)
	at java.lang.reflect.Method.invoke(Method.java:597)
	at javax.xml.bind.ContextFinder.newInstance(ContextFinder.java:202)
	at javax.xml.bind.ContextFinder.find(ContextFinder.java:363)
	at javax.xml.bind.JAXBContext.newInstance(JAXBContext.java:574)
	at javax.xml.bind.JAXBContext.newInstance(JAXBContext.java:522)
	at com.sun.jersey.core.provider.jaxb.AbstractJAXBProvider.getStoredJAXBContext(AbstractJAXBProvider.java:180)
	at com.sun.jersey.core.provider.jaxb.AbstractJAXBProvider.getJAXBContext(AbstractJAXBProvider.java:173)
	at com.sun.jersey.core.provider.jaxb.AbstractJAXBProvider.getUnmarshaller(AbstractJAXBProvider.java:125)
	at com.sun.jersey.core.provider.jaxb.AbstractJAXBProvider.getUnmarshaller(AbstractJAXBProvider.java:108)
	at com.sun.jersey.core.provider.jaxb.AbstractRootElementProvider.readFrom(AbstractRootElementProvider.java:105)
	... 31 more
]]>
    </failure>
  </testcase>
</testsuite>
